Start testing: Jun 03 19:20 CST
----------------------------------------------------------
Unable to find executable: /home/code/db2025/build/bin/test_parser
1/1 Testing: test_parser
1/1 Test: test_parser
Command: ""
Directory: /home/code/db2025/build/bin
"test_parser" start time: 
Output:
----------------------------------------------------------
<end of output>
Test time =   0.00 sec
----------------------------------------------------------
Test Passed.
"test_parser" end time: Jun 03 19:20 CST
"test_parser" time elapsed: 00:00:00
----------------------------------------------------------

End testing: Jun 03 19:20 CST
